This file contains any messages produced by compilers while
running configure, to aid debugging if configure makes a mistake.

It was created by configure, which was
generated by GNU Autoconf 2.69.  Invocation command line was

  $ ./configure --no-create --no-recursion

## --------- ##
## Platform. ##
## --------- ##

hostname = hephaistos
uname -m = x86_64
uname -r = 5.13.0-22-lowlatency
uname -s = Linux
uname -v = #22-Ubuntu SMP PREEMPT Fri Nov 5 15:40:17 UTC 2021

/usr/bin/uname -p = x86_64
/bin/uname -X     = unknown

/bin/arch              = x86_64
/usr/bin/arch -k       = unknown
/usr/convex/getsysinfo = unknown
/usr/bin/hostinfo      = unknown
/bin/machine           = unknown
/usr/bin/oslevel       = unknown
/bin/universe          = unknown

PATH: /home/em/.nimble/bin
PATH: /home/em/go/bin
PATH: /home/em/.gem/ruby/2.3.0/bin
PATH: /home/em/opt/MiniZinc/bin
PATH: /home/em/.nimble/bin
PATH: /home/em/go/bin
PATH: /home/em/.gem/ruby/2.3.0/bin
PATH: /home/em/opt/MiniZinc/bin
PATH: /home/em/.local/bin
PATH: /home/em/.cargo/bin
PATH: /home/em/go/bin
PATH: /home/em/opt/MiniZinc/bin
PATH: /usr/local/sbin
PATH: /usr/local/bin
PATH: /usr/sbin
PATH: /usr/bin
PATH: /sbin
PATH: /bin
PATH: /usr/games
PATH: /usr/local/games
PATH: /snap/bin


## ----------- ##
## Core tests. ##
## ----------- ##

configure:2569: result: PACKAGE NAME AND VERSION
configure:2635: checking for a BSD-compatible install
configure:2703: result: /usr/bin/install -c
configure:2714: checking whether build environment is sane
configure:2769: result: yes
configure:2915: checking for a thread-safe mkdir -p
configure:2954: result: /usr/bin/mkdir -p
configure:2961: checking for gawk
configure:2977: found /usr/bin/gawk
configure:2988: result: gawk
configure:2999: checking whether make sets $(MAKE)
configure:3021: result: yes
configure:3050: checking whether make supports nested variables
configure:3067: result: yes
configure:3260: checking for gcc
configure:3276: found /usr/bin/gcc
configure:3287: result: gcc
configure:3516: checking for C compiler version
configure:3525: gcc --version >&5
gcc (Ubuntu 11.2.0-7ubuntu2) 11.2.0
Copyright (C) 2021 Free Software Foundation, Inc.
This is free software; see the source for copying conditions.  There is NO
warranty; not even for MERCHANTABILITY or FITNESS FOR A PARTICULAR PURPOSE.

configure:3536: $? = 0
configure:3525: gcc -v >&5
Using built-in specs.
COLLECT_GCC=gcc
COLLECT_LTO_WRAPPER=/usr/lib/gcc/x86_64-linux-gnu/11/lto-wrapper
OFFLOAD_TARGET_NAMES=nvptx-none:amdgcn-amdhsa
OFFLOAD_TARGET_DEFAULT=1
Target: x86_64-linux-gnu
Configured with: ../src/configure -v --with-pkgversion='Ubuntu 11.2.0-7ubuntu2' --with-bugurl=file:///usr/share/doc/gcc-11/README.Bugs --enable-languages=c,ada,c++,go,brig,d,fortran,objc,obj-c++,m2 --prefix=/usr --with-gcc-major-version-only --program-suffix=-11 --program-prefix=x86_64-linux-gnu- --enable-shared --enable-linker-build-id --libexecdir=/usr/lib --without-included-gettext --enable-threads=posix --libdir=/usr/lib --enable-nls --enable-bootstrap --enable-clocale=gnu --enable-libstdcxx-debug --enable-libstdcxx-time=yes --with-default-libstdcxx-abi=new --enable-gnu-unique-object --disable-vtable-verify --enable-plugin --enable-default-pie --with-system-zlib --enable-libphobos-checking=release --with-target-system-zlib=auto --enable-objc-gc=auto --enable-multiarch --disable-werror --enable-cet --with-arch-32=i686 --with-abi=m64 --with-multilib-list=m32,m64,mx32 --enable-multilib --with-tune=generic --enable-offload-targets=nvptx-none=/build/gcc-11-ZPT0kp/gcc-11-11.2.0/debian/tmp-nvptx/usr,amdgcn-amdhsa=/build/gcc-11-ZPT0kp/gcc-11-11.2.0/debian/tmp-gcn/usr --without-cuda-driver --enable-checking=release --build=x86_64-linux-gnu --host=x86_64-linux-gnu --target=x86_64-linux-gnu --with-build-config=bootstrap-lto-lean --enable-link-serialization=2
Thread model: posix
Supported LTO compression algorithms: zlib zstd
gcc version 11.2.0 (Ubuntu 11.2.0-7ubuntu2) 
... rest of stderr output deleted ...
configure:3536: $? = 0
configure:3525: gcc -V >&5
gcc: error: unrecognized command-line option '-V'
gcc: fatal error: no input files
compilation terminated.
configure:3536: $? = 1
configure:3525: gcc -qversion >&5
gcc: error: unrecognized command-line option '-qversion'; did you mean '--version'?
gcc: fatal error: no input files
compilation terminated.
configure:3536: $? = 1
configure:3556: checking whether the C compiler works
configure:3578: gcc    conftest.c  >&5
configure:3582: $? = 0
configure:3630: result: yes
configure:3633: checking for C compiler default output file name
configure:3635: result: a.out
configure:3641: checking for suffix of executables
configure:3648: gcc -o conftest    conftest.c  >&5
configure:3652: $? = 0
configure:3674: result: 
configure:3696: checking whether we are cross compiling
configure:3704: gcc -o conftest    conftest.c  >&5
configure:3708: $? = 0
configure:3715: ./conftest
configure:3719: $? = 0
configure:3734: result: no
configure:3739: checking for suffix of object files
configure:3761: gcc -c   conftest.c >&5
configure:3765: $? = 0
configure:3786: result: o
configure:3790: checking whether we are using the GNU C compiler
configure:3809: gcc -c   conftest.c >&5
configure:3809: $? = 0
configure:3818: result: yes
configure:3827: checking whether gcc accepts -g
configure:3847: gcc -c -g  conftest.c >&5
configure:3847: $? = 0
configure:3888: result: yes
configure:3905: checking for gcc option to accept ISO C89
configure:3968: gcc  -c -g -O2  conftest.c >&5
configure:3968: $? = 0
configure:3981: result: none needed
configure:4006: checking whether gcc understands -c and -o together
configure:4028: gcc -c conftest.c -o conftest2.o
configure:4031: $? = 0
configure:4028: gcc -c conftest.c -o conftest2.o
configure:4031: $? = 0
configure:4043: result: yes
configure:4063: checking whether make supports the include directive
configure:4078: make -f confmf.GNU && cat confinc.out
make[1]: Entering directory '/home/em/dev/python/pysdif3/SDIF'
make[1]: Leaving directory '/home/em/dev/python/pysdif3/SDIF'
this is the am__doit target
configure:4081: $? = 0
configure:4100: result: yes (GNU style)
configure:4125: checking dependency style of gcc
configure:4236: result: gcc3
configure:4295: checking for ranlib
configure:4311: found /usr/bin/ranlib
configure:4322: result: ranlib
configure:4374: checking build system type
configure:4388: result: x86_64-pc-linux-gnu
configure:4408: checking host system type
configure:4421: result: x86_64-pc-linux-gnu
configure:4462: checking how to print strings
configure:4489: result: printf
configure:4510: checking for a sed that does not truncate output
configure:4574: result: /usr/bin/sed
configure:4592: checking for grep that handles long lines and -e
configure:4650: result: /usr/bin/grep
configure:4655: checking for egrep
configure:4717: result: /usr/bin/grep -E
configure:4722: checking for fgrep
configure:4784: result: /usr/bin/grep -F
configure:4819: checking for ld used by gcc
configure:4886: result: /usr/bin/ld
configure:4893: checking if the linker (/usr/bin/ld) is GNU ld
configure:4908: result: yes
configure:4920: checking for BSD- or MS-compatible name lister (nm)
configure:4974: result: /usr/bin/nm -B
configure:5104: checking the name lister (/usr/bin/nm -B) interface
configure:5111: gcc -c -g -O2  conftest.c >&5
configure:5114: /usr/bin/nm -B "conftest.o"
configure:5117: output
0000000000000000 B some_variable
configure:5124: result: BSD nm
configure:5127: checking whether ln -s works
configure:5131: result: yes
configure:5139: checking the maximum length of command line arguments
configure:5270: result: 1572864
configure:5318: checking how to convert x86_64-pc-linux-gnu file names to x86_64-pc-linux-gnu format
configure:5358: result: func_convert_file_noop
configure:5365: checking how to convert x86_64-pc-linux-gnu file names to toolchain format
configure:5385: result: func_convert_file_noop
configure:5392: checking for /usr/bin/ld option to reload object files
configure:5399: result: -r
configure:5473: checking for objdump
configure:5489: found /usr/bin/objdump
configure:5500: result: objdump
configure:5532: checking how to recognize dependent libraries
configure:5732: result: pass_all
configure:5817: checking for dlltool
configure:5847: result: no
configure:5877: checking how to associate runtime and link libraries
configure:5904: result: printf %s\n
configure:5965: checking for ar
configure:5981: found /usr/bin/ar
configure:5992: result: ar
configure:6029: checking for archiver @FILE support
configure:6046: gcc -c -g -O2  conftest.c >&5
configure:6046: $? = 0
configure:6049: ar cr libconftest.a @conftest.lst >&5
configure:6052: $? = 0
configure:6057: ar cr libconftest.a @conftest.lst >&5
ar: conftest.o: No such file or directory
configure:6060: $? = 1
configure:6072: result: @
configure:6130: checking for strip
configure:6146: found /usr/bin/strip
configure:6157: result: strip
configure:6229: checking for ranlib
configure:6256: result: ranlib
configure:6358: checking command to parse /usr/bin/nm -B output from gcc object
configure:6511: gcc -c -g -O2  conftest.c >&5
configure:6514: $? = 0
configure:6518: /usr/bin/nm -B conftest.o | sed -n -e 's/^.*[	 ]\([ABCDGIRSTW][ABCDGIRSTW]*\)[	 ][	 ]*\([_A-Za-z][_A-Za-z0-9]*\)$/\1 \2 \2/p' | sed '/ __gnu_lto/d' > conftest.nm
configure:6584: gcc -o conftest -g -O2   conftest.c conftstm.o >&5
configure:6587: $? = 0
configure:6625: result: ok
configure:6672: checking for sysroot
configure:6702: result: no
configure:6709: checking for a working dd
configure:6747: result: /usr/bin/dd
configure:6751: checking how to truncate binary pipes
configure:6766: result: /usr/bin/dd bs=4096 count=1
configure:6902: gcc -c -g -O2  conftest.c >&5
configure:6905: $? = 0
configure:7095: checking for mt
configure:7111: found /usr/bin/mt
configure:7122: result: mt
configure:7145: checking if mt is a manifest tool
configure:7151: mt '-?'
configure:7159: result: no
configure:7836: checking how to run the C preprocessor
configure:7867: gcc -E  conftest.c
configure:7867: $? = 0
configure:7881: gcc -E  conftest.c
conftest.c:11:10: fatal error: ac_nonexistent.h: No such file or directory
   11 | #include <ac_nonexistent.h>
      |          ^~~~~~~~~~~~~~~~~~
compilation terminated.
configure:7881: $? = 1
configure: failed program was:
| /* confdefs.h */
| #define PACKAGE_NAME ""
| #define PACKAGE_TARNAME ""
| #define PACKAGE_VERSION ""
| #define PACKAGE_STRING ""
| #define PACKAGE_BUGREPORT ""
| #define PACKAGE_URL ""
| #define PACKAGE "SDIF"
| #define VERSION "3.11.6"
| /* end confdefs.h.  */
| #include <ac_nonexistent.h>
configure:7906: result: gcc -E
configure:7926: gcc -E  conftest.c
configure:7926: $? = 0
configure:7940: gcc -E  conftest.c
conftest.c:11:10: fatal error: ac_nonexistent.h: No such file or directory
   11 | #include <ac_nonexistent.h>
      |          ^~~~~~~~~~~~~~~~~~
compilation terminated.
configure:7940: $? = 1
configure: failed program was:
| /* confdefs.h */
| #define PACKAGE_NAME ""
| #define PACKAGE_TARNAME ""
| #define PACKAGE_VERSION ""
| #define PACKAGE_STRING ""
| #define PACKAGE_BUGREPORT ""
| #define PACKAGE_URL ""
| #define PACKAGE "SDIF"
| #define VERSION "3.11.6"
| /* end confdefs.h.  */
| #include <ac_nonexistent.h>
configure:7969: checking for ANSI C header files
configure:7989: gcc -c -g -O2  conftest.c >&5
configure:7989: $? = 0
configure:8062: gcc -o conftest -g -O2   conftest.c  >&5
configure:8062: $? = 0
configure:8062: ./conftest
configure:8062: $? = 0
configure:8073: result: yes
configure:8086: checking for sys/types.h
configure:8086: gcc -c -g -O2  conftest.c >&5
configure:8086: $? = 0
configure:8086: result: yes
configure:8086: checking for sys/stat.h
configure:8086: gcc -c -g -O2  conftest.c >&5
configure:8086: $? = 0
configure:8086: result: yes
configure:8086: checking for stdlib.h
configure:8086: gcc -c -g -O2  conftest.c >&5
configure:8086: $? = 0
configure:8086: result: yes
configure:8086: checking for string.h
configure:8086: gcc -c -g -O2  conftest.c >&5
configure:8086: $? = 0
configure:8086: result: yes
configure:8086: checking for memory.h
configure:8086: gcc -c -g -O2  conftest.c >&5
configure:8086: $? = 0
configure:8086: result: yes
configure:8086: checking for strings.h
configure:8086: gcc -c -g -O2  conftest.c >&5
configure:8086: $? = 0
configure:8086: result: yes
configure:8086: checking for inttypes.h
configure:8086: gcc -c -g -O2  conftest.c >&5
configure:8086: $? = 0
configure:8086: result: yes
configure:8086: checking for stdint.h
configure:8086: gcc -c -g -O2  conftest.c >&5
configure:8086: $? = 0
configure:8086: result: yes
configure:8086: checking for unistd.h
configure:8086: gcc -c -g -O2  conftest.c >&5
configure:8086: $? = 0
configure:8086: result: yes
configure:8100: checking for dlfcn.h
configure:8100: gcc -c -g -O2  conftest.c >&5
configure:8100: $? = 0
configure:8100: result: yes
configure:8356: checking for objdir
configure:8371: result: .libs
configure:8631: checking if gcc supports -fno-rtti -fno-exceptions
configure:8649: gcc -c -g -O2  -fno-rtti -fno-exceptions conftest.c >&5
cc1: warning: command-line option '-fno-rtti' is valid for C++/D/ObjC++ but not for C
configure:8653: $? = 0
configure:8666: result: no
configure:9030: checking for gcc option to produce PIC
configure:9037: result: -fPIC -DPIC
configure:9045: checking if gcc PIC flag -fPIC -DPIC works
configure:9063: gcc -c -g -O2  -fPIC -DPIC -DPIC conftest.c >&5
configure:9067: $? = 0
configure:9080: result: yes
configure:9109: checking if gcc static flag -static works
configure:9137: result: yes
configure:9152: checking if gcc supports -c -o file.o
configure:9173: gcc -c -g -O2  -o out/conftest2.o conftest.c >&5
configure:9177: $? = 0
configure:9199: result: yes
configure:9207: checking if gcc supports -c -o file.o
configure:9254: result: yes
configure:9287: checking whether the gcc linker (/usr/bin/ld -m elf_x86_64) supports shared libraries
configure:10550: result: yes
configure:10587: checking whether -lc should be explicitly linked in
configure:10595: gcc -c -g -O2  conftest.c >&5
configure:10598: $? = 0
configure:10613: gcc -shared  -fPIC -DPIC conftest.o  -v -Wl,-soname -Wl,conftest -o conftest 2\>\&1 \| /usr/bin/grep  -lc  \>/dev/null 2\>\&1
configure:10616: $? = 0
configure:10630: result: no
configure:10790: checking dynamic linker characteristics
configure:11371: gcc -o conftest -g -O2   -Wl,-rpath -Wl,/foo conftest.c  >&5
configure:11371: $? = 0
configure:11620: result: GNU/Linux ld.so
configure:11742: checking how to hardcode library paths into programs
configure:11767: result: immediate
configure:12315: checking whether stripping libraries is possible
configure:12320: result: yes
configure:12355: checking if libtool supports shared libraries
configure:12357: result: yes
configure:12360: checking whether to build shared libraries
configure:12385: result: yes
configure:12388: checking whether to build static libraries
configure:12392: result: yes
configure:12431: result: CHECK FOR HEADERS
configure:12433: checking for ANSI C header files
configure:12537: result: yes
configure:12547: checking for sys/types.h
configure:12547: result: yes
configure:12560: checking for sys/stat.h
configure:12560: result: yes
configure:12572: checking errno.h usability
configure:12572: gcc -c -g -O2  conftest.c >&5
configure:12572: $? = 0
configure:12572: result: yes
configure:12572: checking errno.h presence
configure:12572: gcc -E  conftest.c
configure:12572: $? = 0
configure:12572: result: yes
configure:12572: checking for errno.h
configure:12572: result: yes
configure:12584: checking for unistd.h
configure:12584: result: yes
configure:12596: checking for stdint.h
configure:12596: result: yes
configure:12608: checking for getenv
configure:12608: gcc -o conftest -g -O2   conftest.c  >&5
configure:12608: $? = 0
configure:12608: result: yes
configure:12637: result: PARTICULAR COMPILER CHARACTERISTICS
configure:12639: checking whether byte ordering is bigendian
configure:12654: gcc -c -g -O2  conftest.c >&5
conftest.c:31:16: error: unknown type name 'not'
   31 |                not a universal capable compiler
      |                ^~~
conftest.c:31:22: error: expected '=', ',', ';', 'asm' or '__attribute__' before 'universal'
   31 |                not a universal capable compiler
      |                      ^~~~~~~~~
conftest.c:31:22: error: unknown type name 'universal'
configure:12654: $? = 1
configure: failed program was:
| /* confdefs.h */
| #define PACKAGE_NAME ""
| #define PACKAGE_TARNAME ""
| #define PACKAGE_VERSION ""
| #define PACKAGE_STRING ""
| #define PACKAGE_BUGREPORT ""
| #define PACKAGE_URL ""
| #define PACKAGE "SDIF"
| #define VERSION "3.11.6"
| #define STDC_HEADERS 1
| #define HAVE_SYS_TYPES_H 1
| #define HAVE_SYS_STAT_H 1
| #define HAVE_STDLIB_H 1
| #define HAVE_STRING_H 1
| #define HAVE_MEMORY_H 1
| #define HAVE_STRINGS_H 1
| #define HAVE_INTTYPES_H 1
| #define HAVE_STDINT_H 1
| #define HAVE_UNISTD_H 1
| #define HAVE_DLFCN_H 1
| #define LT_OBJDIR ".libs/"
| #define STDC_HEADERS 1
| #define HAVE_SYS_TYPES_H 1
| #define HAVE_SYS_STAT_H 1
| #define HAVE_ERRNO_H 1
| #define HAVE_UNISTD_H 1
| #define HAVE_STDINT_H 1
| #define HAVE_GETENV 1
| /* end confdefs.h.  */
| #ifndef __APPLE_CC__
| 	       not a universal capable compiler
| 	     #endif
| 	     typedef int dummy;
| 
configure:12699: gcc -c -g -O2  conftest.c >&5
configure:12699: $? = 0
configure:12717: gcc -c -g -O2  conftest.c >&5
conftest.c: In function 'main':
conftest.c:37:18: error: unknown type name 'not'; did you mean 'ino_t'?
   37 |                  not big endian
      |                  ^~~
      |                  ino_t
conftest.c:37:26: error: expected '=', ',', ';', 'asm' or '__attribute__' before 'endian'
   37 |                  not big endian
      |                          ^~~~~~
configure:12717: $? = 1
configure: failed program was:
| /* confdefs.h */
| #define PACKAGE_NAME ""
| #define PACKAGE_TARNAME ""
| #define PACKAGE_VERSION ""
| #define PACKAGE_STRING ""
| #define PACKAGE_BUGREPORT ""
| #define PACKAGE_URL ""
| #define PACKAGE "SDIF"
| #define VERSION "3.11.6"
| #define STDC_HEADERS 1
| #define HAVE_SYS_TYPES_H 1
| #define HAVE_SYS_STAT_H 1
| #define HAVE_STDLIB_H 1
| #define HAVE_STRING_H 1
| #define HAVE_MEMORY_H 1
| #define HAVE_STRINGS_H 1
| #define HAVE_INTTYPES_H 1
| #define HAVE_STDINT_H 1
| #define HAVE_UNISTD_H 1
| #define HAVE_DLFCN_H 1
| #define LT_OBJDIR ".libs/"
| #define STDC_HEADERS 1
| #define HAVE_SYS_TYPES_H 1
| #define HAVE_SYS_STAT_H 1
| #define HAVE_ERRNO_H 1
| #define HAVE_UNISTD_H 1
| #define HAVE_STDINT_H 1
| #define HAVE_GETENV 1
| /* end confdefs.h.  */
| #include <sys/types.h>
| 		#include <sys/param.h>
| 
| int
| main ()
| {
| #if BYTE_ORDER != BIG_ENDIAN
| 		 not big endian
| 		#endif
| 
|   ;
|   return 0;
| }
configure:12845: result: no
configure:12867: checking size of long
configure:12872: gcc -o conftest -g -O2   conftest.c  >&5
configure:12872: $? = 0
configure:12872: ./conftest
configure:12872: $? = 0
configure:12886: result: 8
configure:12900: checking size of long long
configure:12905: gcc -o conftest -g -O2   conftest.c  >&5
configure:12905: $? = 0
configure:12905: ./conftest
configure:12905: $? = 0
configure:12919: result: 8
configure:12933: checking size of int64_t
configure:12938: gcc -o conftest -g -O2   conftest.c  >&5
configure:12938: $? = 0
configure:12938: ./conftest
configure:12938: $? = 0
configure:12952: result: 8
configure:12966: checking size of __int64
configure:12971: gcc -o conftest -g -O2   conftest.c  >&5
conftest.c: In function 'longval':
conftest.c:66:57: error: '__int64' undeclared (first use in this function); did you mean '__int64_t'?
   66 | static long int longval () { return (long int) (sizeof (__int64)); }
      |                                                         ^~~~~~~
      |                                                         __int64_t
conftest.c:66:57: note: each undeclared identifier is reported only once for each function it appears in
conftest.c: In function 'ulongval':
conftest.c:67:67: error: '__int64' undeclared (first use in this function); did you mean '__int64_t'?
   67 | static unsigned long int ulongval () { return (long int) (sizeof (__int64)); }
      |                                                                   ^~~~~~~
      |                                                                   __int64_t
conftest.c: In function 'main':
conftest.c:77:28: error: '__int64' undeclared (first use in this function); did you mean '__int64_t'?
   77 |   if (((long int) (sizeof (__int64))) < 0)
      |                            ^~~~~~~
      |                            __int64_t
configure:12971: $? = 1
configure: program exited with status 1
configure: failed program was:
| /* confdefs.h */
| #define PACKAGE_NAME ""
| #define PACKAGE_TARNAME ""
| #define PACKAGE_VERSION ""
| #define PACKAGE_STRING ""
| #define PACKAGE_BUGREPORT ""
| #define PACKAGE_URL ""
| #define PACKAGE "SDIF"
| #define VERSION "3.11.6"
| #define STDC_HEADERS 1
| #define HAVE_SYS_TYPES_H 1
| #define HAVE_SYS_STAT_H 1
| #define HAVE_STDLIB_H 1
| #define HAVE_STRING_H 1
| #define HAVE_MEMORY_H 1
| #define HAVE_STRINGS_H 1
| #define HAVE_INTTYPES_H 1
| #define HAVE_STDINT_H 1
| #define HAVE_UNISTD_H 1
| #define HAVE_DLFCN_H 1
| #define LT_OBJDIR ".libs/"
| #define STDC_HEADERS 1
| #define HAVE_SYS_TYPES_H 1
| #define HAVE_SYS_STAT_H 1
| #define HAVE_ERRNO_H 1
| #define HAVE_UNISTD_H 1
| #define HAVE_STDINT_H 1
| #define HAVE_GETENV 1
| #define SIZEOF_LONG 8
| #define SIZEOF_LONG_LONG 8
| #define SIZEOF_INT64_T 8
| /* end confdefs.h.  */
| #include <stdio.h>
| #ifdef HAVE_SYS_TYPES_H
| # include <sys/types.h>
| #endif
| #ifdef HAVE_SYS_STAT_H
| # include <sys/stat.h>
| #endif
| #ifdef STDC_HEADERS
| # include <stdlib.h>
| # include <stddef.h>
| #else
| # ifdef HAVE_STDLIB_H
| #  include <stdlib.h>
| # endif
| #endif
| #ifdef HAVE_STRING_H
| # if !defined STDC_HEADERS && defined HAVE_MEMORY_H
| #  include <memory.h>
| # endif
| # include <string.h>
| #endif
| #ifdef HAVE_STRINGS_H
| # include <strings.h>
| #endif
| #ifdef HAVE_INTTYPES_H
| # include <inttypes.h>
| #endif
| #ifdef HAVE_STDINT_H
| # include <stdint.h>
| #endif
| #ifdef HAVE_UNISTD_H
| # include <unistd.h>
| #endif
| static long int longval () { return (long int) (sizeof (__int64)); }
| static unsigned long int ulongval () { return (long int) (sizeof (__int64)); }
| #include <stdio.h>
| #include <stdlib.h>
| int
| main ()
| {
| 
|   FILE *f = fopen ("conftest.val", "w");
|   if (! f)
|     return 1;
|   if (((long int) (sizeof (__int64))) < 0)
|     {
|       long int i = longval ();
|       if (i != ((long int) (sizeof (__int64))))
| 	return 1;
|       fprintf (f, "%ld", i);
|     }
|   else
|     {
|       unsigned long int i = ulongval ();
|       if (i != ((long int) (sizeof (__int64))))
| 	return 1;
|       fprintf (f, "%lu", i);
|     }
|   /* Do not output a trailing newline, as this causes \r\n confusion
|      on some platforms.  */
|   return ferror (f) || fclose (f) != 0;
| 
|   ;
|   return 0;
| }
configure:12985: result: 0
configure:12999: checking size of INT64
configure:13004: gcc -o conftest -g -O2   conftest.c  >&5
conftest.c: In function 'longval':
conftest.c:67:57: error: 'INT64' undeclared (first use in this function); did you mean 'INT64_C'?
   67 | static long int longval () { return (long int) (sizeof (INT64)); }
      |                                                         ^~~~~
      |                                                         INT64_C
conftest.c:67:57: note: each undeclared identifier is reported only once for each function it appears in
conftest.c: In function 'ulongval':
conftest.c:68:67: error: 'INT64' undeclared (first use in this function); did you mean 'INT64_C'?
   68 | static unsigned long int ulongval () { return (long int) (sizeof (INT64)); }
      |                                                                   ^~~~~
      |                                                                   INT64_C
conftest.c: In function 'main':
conftest.c:78:28: error: 'INT64' undeclared (first use in this function); did you mean 'INT64_C'?
   78 |   if (((long int) (sizeof (INT64))) < 0)
      |                            ^~~~~
      |                            INT64_C
configure:13004: $? = 1
configure: program exited with status 1
configure: failed program was:
| /* confdefs.h */
| #define PACKAGE_NAME ""
| #define PACKAGE_TARNAME ""
| #define PACKAGE_VERSION ""
| #define PACKAGE_STRING ""
| #define PACKAGE_BUGREPORT ""
| #define PACKAGE_URL ""
| #define PACKAGE "SDIF"
| #define VERSION "3.11.6"
| #define STDC_HEADERS 1
| #define HAVE_SYS_TYPES_H 1
| #define HAVE_SYS_STAT_H 1
| #define HAVE_STDLIB_H 1
| #define HAVE_STRING_H 1
| #define HAVE_MEMORY_H 1
| #define HAVE_STRINGS_H 1
| #define HAVE_INTTYPES_H 1
| #define HAVE_STDINT_H 1
| #define HAVE_UNISTD_H 1
| #define HAVE_DLFCN_H 1
| #define LT_OBJDIR ".libs/"
| #define STDC_HEADERS 1
| #define HAVE_SYS_TYPES_H 1
| #define HAVE_SYS_STAT_H 1
| #define HAVE_ERRNO_H 1
| #define HAVE_UNISTD_H 1
| #define HAVE_STDINT_H 1
| #define HAVE_GETENV 1
| #define SIZEOF_LONG 8
| #define SIZEOF_LONG_LONG 8
| #define SIZEOF_INT64_T 8
| #define SIZEOF___INT64 0
| /* end confdefs.h.  */
| #include <stdio.h>
| #ifdef HAVE_SYS_TYPES_H
| # include <sys/types.h>
| #endif
| #ifdef HAVE_SYS_STAT_H
| # include <sys/stat.h>
| #endif
| #ifdef STDC_HEADERS
| # include <stdlib.h>
| # include <stddef.h>
| #else
| # ifdef HAVE_STDLIB_H
| #  include <stdlib.h>
| # endif
| #endif
| #ifdef HAVE_STRING_H
| # if !defined STDC_HEADERS && defined HAVE_MEMORY_H
| #  include <memory.h>
| # endif
| # include <string.h>
| #endif
| #ifdef HAVE_STRINGS_H
| # include <strings.h>
| #endif
| #ifdef HAVE_INTTYPES_H
| # include <inttypes.h>
| #endif
| #ifdef HAVE_STDINT_H
| # include <stdint.h>
| #endif
| #ifdef HAVE_UNISTD_H
| # include <unistd.h>
| #endif
| static long int longval () { return (long int) (sizeof (INT64)); }
| static unsigned long int ulongval () { return (long int) (sizeof (INT64)); }
| #include <stdio.h>
| #include <stdlib.h>
| int
| main ()
| {
| 
|   FILE *f = fopen ("conftest.val", "w");
|   if (! f)
|     return 1;
|   if (((long int) (sizeof (INT64))) < 0)
|     {
|       long int i = longval ();
|       if (i != ((long int) (sizeof (INT64))))
| 	return 1;
|       fprintf (f, "%ld", i);
|     }
|   else
|     {
|       unsigned long int i = ulongval ();
|       if (i != ((long int) (sizeof (INT64))))
| 	return 1;
|       fprintf (f, "%lu", i);
|     }
|   /* Do not output a trailing newline, as this causes \r\n confusion
|      on some platforms.  */
|   return ferror (f) || fclose (f) != 0;
| 
|   ;
|   return 0;
| }
configure:13018: result: 0
configure:13032: checking size of off64_t
configure:13037: gcc -o conftest -g -O2   conftest.c  >&5
conftest.c: In function 'longval':
conftest.c:68:57: error: 'off64_t' undeclared (first use in this function); did you mean 'off_t'?
   68 | static long int longval () { return (long int) (sizeof (off64_t)); }
      |                                                         ^~~~~~~
      |                                                         off_t
conftest.c:68:57: note: each undeclared identifier is reported only once for each function it appears in
conftest.c: In function 'ulongval':
conftest.c:69:67: error: 'off64_t' undeclared (first use in this function); did you mean 'off_t'?
   69 | static unsigned long int ulongval () { return (long int) (sizeof (off64_t)); }
      |                                                                   ^~~~~~~
      |                                                                   off_t
conftest.c: In function 'main':
conftest.c:79:28: error: 'off64_t' undeclared (first use in this function); did you mean 'off_t'?
   79 |   if (((long int) (sizeof (off64_t))) < 0)
      |                            ^~~~~~~
      |                            off_t
configure:13037: $? = 1
configure: program exited with status 1
configure: failed program was:
| /* confdefs.h */
| #define PACKAGE_NAME ""
| #define PACKAGE_TARNAME ""
| #define PACKAGE_VERSION ""
| #define PACKAGE_STRING ""
| #define PACKAGE_BUGREPORT ""
| #define PACKAGE_URL ""
| #define PACKAGE "SDIF"
| #define VERSION "3.11.6"
| #define STDC_HEADERS 1
| #define HAVE_SYS_TYPES_H 1
| #define HAVE_SYS_STAT_H 1
| #define HAVE_STDLIB_H 1
| #define HAVE_STRING_H 1
| #define HAVE_MEMORY_H 1
| #define HAVE_STRINGS_H 1
| #define HAVE_INTTYPES_H 1
| #define HAVE_STDINT_H 1
| #define HAVE_UNISTD_H 1
| #define HAVE_DLFCN_H 1
| #define LT_OBJDIR ".libs/"
| #define STDC_HEADERS 1
| #define HAVE_SYS_TYPES_H 1
| #define HAVE_SYS_STAT_H 1
| #define HAVE_ERRNO_H 1
| #define HAVE_UNISTD_H 1
| #define HAVE_STDINT_H 1
| #define HAVE_GETENV 1
| #define SIZEOF_LONG 8
| #define SIZEOF_LONG_LONG 8
| #define SIZEOF_INT64_T 8
| #define SIZEOF___INT64 0
| #define SIZEOF_INT64 0
| /* end confdefs.h.  */
| #include <stdio.h>
| #ifdef HAVE_SYS_TYPES_H
| # include <sys/types.h>
| #endif
| #ifdef HAVE_SYS_STAT_H
| # include <sys/stat.h>
| #endif
| #ifdef STDC_HEADERS
| # include <stdlib.h>
| # include <stddef.h>
| #else
| # ifdef HAVE_STDLIB_H
| #  include <stdlib.h>
| # endif
| #endif
| #ifdef HAVE_STRING_H
| # if !defined STDC_HEADERS && defined HAVE_MEMORY_H
| #  include <memory.h>
| # endif
| # include <string.h>
| #endif
| #ifdef HAVE_STRINGS_H
| # include <strings.h>
| #endif
| #ifdef HAVE_INTTYPES_H
| # include <inttypes.h>
| #endif
| #ifdef HAVE_STDINT_H
| # include <stdint.h>
| #endif
| #ifdef HAVE_UNISTD_H
| # include <unistd.h>
| #endif
| static long int longval () { return (long int) (sizeof (off64_t)); }
| static unsigned long int ulongval () { return (long int) (sizeof (off64_t)); }
| #include <stdio.h>
| #include <stdlib.h>
| int
| main ()
| {
| 
|   FILE *f = fopen ("conftest.val", "w");
|   if (! f)
|     return 1;
|   if (((long int) (sizeof (off64_t))) < 0)
|     {
|       long int i = longval ();
|       if (i != ((long int) (sizeof (off64_t))))
| 	return 1;
|       fprintf (f, "%ld", i);
|     }
|   else
|     {
|       unsigned long int i = ulongval ();
|       if (i != ((long int) (sizeof (off64_t))))
| 	return 1;
|       fprintf (f, "%lu", i);
|     }
|   /* Do not output a trailing newline, as this causes \r\n confusion
|      on some platforms.  */
|   return ferror (f) || fclose (f) != 0;
| 
|   ;
|   return 0;
| }
configure:13051: result: 0
configure:13065: checking size of loff_t
configure:13070: gcc -o conftest -g -O2   conftest.c  >&5
configure:13070: $? = 0
configure:13070: ./conftest
configure:13070: $? = 0
configure:13084: result: 8
configure:13098: checking size of off_t
configure:13103: gcc -o conftest -g -O2   conftest.c  >&5
configure:13103: $? = 0
configure:13103: ./conftest
configure:13103: $? = 0
configure:13117: result: 8
configure:13280: checking for g++
configure:13296: found /usr/bin/g++
configure:13307: result: g++
configure:13334: checking for C++ compiler version
configure:13343: g++ --version >&5
g++ (Ubuntu 11.2.0-7ubuntu2) 11.2.0
Copyright (C) 2021 Free Software Foundation, Inc.
This is free software; see the source for copying conditions.  There is NO
warranty; not even for MERCHANTABILITY or FITNESS FOR A PARTICULAR PURPOSE.

configure:13354: $? = 0
configure:13343: g++ -v >&5
Using built-in specs.
COLLECT_GCC=g++
COLLECT_LTO_WRAPPER=/usr/lib/gcc/x86_64-linux-gnu/11/lto-wrapper
OFFLOAD_TARGET_NAMES=nvptx-none:amdgcn-amdhsa
OFFLOAD_TARGET_DEFAULT=1
Target: x86_64-linux-gnu
Configured with: ../src/configure -v --with-pkgversion='Ubuntu 11.2.0-7ubuntu2' --with-bugurl=file:///usr/share/doc/gcc-11/README.Bugs --enable-languages=c,ada,c++,go,brig,d,fortran,objc,obj-c++,m2 --prefix=/usr --with-gcc-major-version-only --program-suffix=-11 --program-prefix=x86_64-linux-gnu- --enable-shared --enable-linker-build-id --libexecdir=/usr/lib --without-included-gettext --enable-threads=posix --libdir=/usr/lib --enable-nls --enable-bootstrap --enable-clocale=gnu --enable-libstdcxx-debug --enable-libstdcxx-time=yes --with-default-libstdcxx-abi=new --enable-gnu-unique-object --disable-vtable-verify --enable-plugin --enable-default-pie --with-system-zlib --enable-libphobos-checking=release --with-target-system-zlib=auto --enable-objc-gc=auto --enable-multiarch --disable-werror --enable-cet --with-arch-32=i686 --with-abi=m64 --with-multilib-list=m32,m64,mx32 --enable-multilib --with-tune=generic --enable-offload-targets=nvptx-none=/build/gcc-11-ZPT0kp/gcc-11-11.2.0/debian/tmp-nvptx/usr,amdgcn-amdhsa=/build/gcc-11-ZPT0kp/gcc-11-11.2.0/debian/tmp-gcn/usr --without-cuda-driver --enable-checking=release --build=x86_64-linux-gnu --host=x86_64-linux-gnu --target=x86_64-linux-gnu --with-build-config=bootstrap-lto-lean --enable-link-serialization=2
Thread model: posix
Supported LTO compression algorithms: zlib zstd
gcc version 11.2.0 (Ubuntu 11.2.0-7ubuntu2) 
... rest of stderr output deleted ...
configure:13354: $? = 0
configure:13343: g++ -V >&5
g++: error: unrecognized command-line option '-V'
g++: fatal error: no input files
compilation terminated.
configure:13354: $? = 1
configure:13343: g++ -qversion >&5
g++: error: unrecognized command-line option '-qversion'; did you mean '--version'?
g++: fatal error: no input files
compilation terminated.
configure:13354: $? = 1
configure:13358: checking whether we are using the GNU C++ compiler
configure:13377: g++ -c   conftest.cpp >&5
configure:13377: $? = 0
configure:13386: result: yes
configure:13395: checking whether g++ accepts -g
configure:13415: g++ -c -g  conftest.cpp >&5
configure:13415: $? = 0
configure:13456: result: yes
configure:13481: checking dependency style of g++
configure:13592: result: gcc3
configure:13625: checking how to run the C++ preprocessor
configure:13652: g++ -E  conftest.cpp
configure:13652: $? = 0
configure:13666: g++ -E  conftest.cpp
conftest.cpp:38:10: fatal error: ac_nonexistent.h: No such file or directory
   38 | #include <ac_nonexistent.h>
      |          ^~~~~~~~~~~~~~~~~~
compilation terminated.
configure:13666: $? = 1
configure: failed program was:
| /* confdefs.h */
| #define PACKAGE_NAME ""
| #define PACKAGE_TARNAME ""
| #define PACKAGE_VERSION ""
| #define PACKAGE_STRING ""
| #define PACKAGE_BUGREPORT ""
| #define PACKAGE_URL ""
| #define PACKAGE "SDIF"
| #define VERSION "3.11.6"
| #define STDC_HEADERS 1
| #define HAVE_SYS_TYPES_H 1
| #define HAVE_SYS_STAT_H 1
| #define HAVE_STDLIB_H 1
| #define HAVE_STRING_H 1
| #define HAVE_MEMORY_H 1
| #define HAVE_STRINGS_H 1
| #define HAVE_INTTYPES_H 1
| #define HAVE_STDINT_H 1
| #define HAVE_UNISTD_H 1
| #define HAVE_DLFCN_H 1
| #define LT_OBJDIR ".libs/"
| #define STDC_HEADERS 1
| #define HAVE_SYS_TYPES_H 1
| #define HAVE_SYS_STAT_H 1
| #define HAVE_ERRNO_H 1
| #define HAVE_UNISTD_H 1
| #define HAVE_STDINT_H 1
| #define HAVE_GETENV 1
| #define SIZEOF_LONG 8
| #define SIZEOF_LONG_LONG 8
| #define SIZEOF_INT64_T 8
| #define SIZEOF___INT64 0
| #define SIZEOF_INT64 0
| #define SIZEOF_OFF64_T 0
| #define SIZEOF_LOFF_T 8
| #define SIZEOF_OFF_T 8
| /* end confdefs.h.  */
| #include <ac_nonexistent.h>
configure:13691: result: g++ -E
configure:13711: g++ -E  conftest.cpp
configure:13711: $? = 0
configure:13725: g++ -E  conftest.cpp
conftest.cpp:38:10: fatal error: ac_nonexistent.h: No such file or directory
   38 | #include <ac_nonexistent.h>
      |          ^~~~~~~~~~~~~~~~~~
compilation terminated.
configure:13725: $? = 1
configure: failed program was:
| /* confdefs.h */
| #define PACKAGE_NAME ""
| #define PACKAGE_TARNAME ""
| #define PACKAGE_VERSION ""
| #define PACKAGE_STRING ""
| #define PACKAGE_BUGREPORT ""
| #define PACKAGE_URL ""
| #define PACKAGE "SDIF"
| #define VERSION "3.11.6"
| #define STDC_HEADERS 1
| #define HAVE_SYS_TYPES_H 1
| #define HAVE_SYS_STAT_H 1
| #define HAVE_STDLIB_H 1
| #define HAVE_STRING_H 1
| #define HAVE_MEMORY_H 1
| #define HAVE_STRINGS_H 1
| #define HAVE_INTTYPES_H 1
| #define HAVE_STDINT_H 1
| #define HAVE_UNISTD_H 1
| #define HAVE_DLFCN_H 1
| #define LT_OBJDIR ".libs/"
| #define STDC_HEADERS 1
| #define HAVE_SYS_TYPES_H 1
| #define HAVE_SYS_STAT_H 1
| #define HAVE_ERRNO_H 1
| #define HAVE_UNISTD_H 1
| #define HAVE_STDINT_H 1
| #define HAVE_GETENV 1
| #define SIZEOF_LONG 8
| #define SIZEOF_LONG_LONG 8
| #define SIZEOF_INT64_T 8
| #define SIZEOF___INT64 0
| #define SIZEOF_INT64 0
| #define SIZEOF_OFF64_T 0
| #define SIZEOF_LOFF_T 8
| #define SIZEOF_OFF_T 8
| /* end confdefs.h.  */
| #include <ac_nonexistent.h>
configure:13887: checking for ld used by g++
configure:13954: result: /usr/bin/ld -m elf_x86_64
configure:13961: checking if the linker (/usr/bin/ld -m elf_x86_64) is GNU ld
configure:13976: result: yes
configure:14031: checking whether the g++ linker (/usr/bin/ld -m elf_x86_64) supports shared libraries
configure:15104: result: yes
configure:15140: g++ -c -g -O2  conftest.cpp >&5
configure:15143: $? = 0
configure:15624: checking for g++ option to produce PIC
configure:15631: result: -fPIC -DPIC
configure:15639: checking if g++ PIC flag -fPIC -DPIC works
configure:15657: g++ -c -g -O2  -fPIC -DPIC -DPIC conftest.cpp >&5
configure:15661: $? = 0
configure:15674: result: yes
configure:15697: checking if g++ static flag -static works
configure:15725: result: yes
configure:15737: checking if g++ supports -c -o file.o
configure:15758: g++ -c -g -O2  -o out/conftest2.o conftest.cpp >&5
configure:15762: $? = 0
configure:15784: result: yes
configure:15789: checking if g++ supports -c -o file.o
configure:15836: result: yes
configure:15866: checking whether the g++ linker (/usr/bin/ld -m elf_x86_64) supports shared libraries
configure:15909: result: yes
configure:16050: checking dynamic linker characteristics
configure:16807: result: GNU/Linux ld.so
configure:16872: checking how to hardcode library paths into programs
configure:16897: result: immediate
configure:17006: checking for ftruncate
configure:17006: gcc -o conftest  -D_FILE_OFFSET_BITS=64 -O3   conftest.c  >&5
configure:17006: $? = 0
configure:17006: result: yes
configure:17020: checking pthreads requested
configure:17396: result: yes
configure:17562: checking for the pthreads library -lpthreads
configure:17595: gcc -o conftest  -D_FILE_OFFSET_BITS=64 -O3    conftest.c -lpthreads  >&5
conftest.c: In function 'main':
conftest.c:44:22: warning: argument 1 null where non-null expected [-Wnonnull]
   44 |                      pthread_attr_init(0); pthread_cleanup_push(0, 0);
      |                      ^~~~~~~~~~~~~~~~~
In file included from conftest.c:39:
/usr/include/pthread.h:285:12: note: in a call to function 'pthread_attr_init' declared 'nonnull'
  285 | extern int pthread_attr_init (pthread_attr_t *__attr) __THROW __nonnull ((1));
      |            ^~~~~~~~~~~~~~~~~
conftest.c:45:22: warning: argument 1 null where non-null expected [-Wnonnull]
   45 |                      pthread_create(0,0,0,0); pthread_cleanup_pop(0);
      |                      ^~~~~~~~~~~~~~
In file included from conftest.c:39:
/usr/include/pthread.h:202:12: note: in a call to function 'pthread_create' declared 'nonnull'
  202 | extern int pthread_create (pthread_t *__restrict __newthread,
      |            ^~~~~~~~~~~~~~
conftest.c:45:22: warning: argument 3 null where non-null expected [-Wnonnull]
   45 |                      pthread_create(0,0,0,0); pthread_cleanup_pop(0);
      |                      ^~~~~~~~~~~~~~
In file included from conftest.c:39:
/usr/include/pthread.h:202:12: note: in a call to function 'pthread_create' declared 'nonnull'
  202 | extern int pthread_create (pthread_t *__restrict __newthread,
      |            ^~~~~~~~~~~~~~
/usr/bin/ld: cannot find -lpthreads
collect2: error: ld returned 1 exit status
configure:17595: $? = 1
configure: failed program was:
| /* confdefs.h */
| #define PACKAGE_NAME ""
| #define PACKAGE_TARNAME ""
| #define PACKAGE_VERSION ""
| #define PACKAGE_STRING ""
| #define PACKAGE_BUGREPORT ""
| #define PACKAGE_URL ""
| #define PACKAGE "SDIF"
| #define VERSION "3.11.6"
| #define STDC_HEADERS 1
| #define HAVE_SYS_TYPES_H 1
| #define HAVE_SYS_STAT_H 1
| #define HAVE_STDLIB_H 1
| #define HAVE_STRING_H 1
| #define HAVE_MEMORY_H 1
| #define HAVE_STRINGS_H 1
| #define HAVE_INTTYPES_H 1
| #define HAVE_STDINT_H 1
| #define HAVE_UNISTD_H 1
| #define HAVE_DLFCN_H 1
| #define LT_OBJDIR ".libs/"
| #define STDC_HEADERS 1
| #define HAVE_SYS_TYPES_H 1
| #define HAVE_SYS_STAT_H 1
| #define HAVE_ERRNO_H 1
| #define HAVE_UNISTD_H 1
| #define HAVE_STDINT_H 1
| #define HAVE_GETENV 1
| #define SIZEOF_LONG 8
| #define SIZEOF_LONG_LONG 8
| #define SIZEOF_INT64_T 8
| #define SIZEOF___INT64 0
| #define SIZEOF_INT64 0
| #define SIZEOF_OFF64_T 0
| #define SIZEOF_LOFF_T 8
| #define SIZEOF_OFF_T 8
| #define HAVE_FTRUNCATE 1
| /* end confdefs.h.  */
| #include <pthread.h>
| int
| main ()
| {
| pthread_t th; pthread_join(th, 0);
|                      pthread_attr_init(0); pthread_cleanup_push(0, 0);
|                      pthread_create(0,0,0,0); pthread_cleanup_pop(0);
|   ;
|   return 0;
| }
configure:17604: result: no
configure:17507: checking whether pthreads work without any flags
configure:17595: gcc -o conftest  -D_FILE_OFFSET_BITS=64 -O3    conftest.c   >&5
conftest.c: In function 'main':
conftest.c:44:22: warning: argument 1 null where non-null expected [-Wnonnull]
   44 |                      pthread_attr_init(0); pthread_cleanup_push(0, 0);
      |                      ^~~~~~~~~~~~~~~~~
In file included from conftest.c:39:
/usr/include/pthread.h:285:12: note: in a call to function 'pthread_attr_init' declared 'nonnull'
  285 | extern int pthread_attr_init (pthread_attr_t *__attr) __THROW __nonnull ((1));
      |            ^~~~~~~~~~~~~~~~~
conftest.c:45:22: warning: argument 1 null where non-null expected [-Wnonnull]
   45 |                      pthread_create(0,0,0,0); pthread_cleanup_pop(0);
      |                      ^~~~~~~~~~~~~~
In file included from conftest.c:39:
/usr/include/pthread.h:202:12: note: in a call to function 'pthread_create' declared 'nonnull'
  202 | extern int pthread_create (pthread_t *__restrict __newthread,
      |            ^~~~~~~~~~~~~~
conftest.c:45:22: warning: argument 3 null where non-null expected [-Wnonnull]
   45 |                      pthread_create(0,0,0,0); pthread_cleanup_pop(0);
      |                      ^~~~~~~~~~~~~~
In file included from conftest.c:39:
/usr/include/pthread.h:202:12: note: in a call to function 'pthread_create' declared 'nonnull'
  202 | extern int pthread_create (pthread_t *__restrict __newthread,
      |            ^~~~~~~~~~~~~~
configure:17595: $? = 0
configure:17604: result: yes
configure:17624: checking for joinable pthread attribute
configure:17637: gcc -o conftest  -D_FILE_OFFSET_BITS=64 -O3    conftest.c   >&5
configure:17637: $? = 0
configure:17669: result: PTHREAD_CREATE_JOINABLE
configure:17676: checking if more special flags are required for pthreads
configure:17683: result: no
configure:17695: checking for cc_r
configure:17723: result: gcc
configure:17771: result: CREATE OUTPUT FILES
configure:17876: checking that generated files are newer than configure
configure:17882: result: done
configure:17926: creating ./config.status
configure:20364: result: END OF SDIF CONFIGURATION

## ---------------- ##
## Cache variables. ##
## ---------------- ##

ac_cv_build=x86_64-pc-linux-gnu
ac_cv_c_bigendian=no
ac_cv_c_compiler_gnu=yes
ac_cv_cxx_compiler_gnu=yes
ac_cv_env_CCC_set=
ac_cv_env_CCC_value=
ac_cv_env_CC_set=
ac_cv_env_CC_value=
ac_cv_env_CFLAGS_set=
ac_cv_env_CFLAGS_value=
ac_cv_env_CPPFLAGS_set=
ac_cv_env_CPPFLAGS_value=
ac_cv_env_CPP_set=
ac_cv_env_CPP_value=
ac_cv_env_CXXCPP_set=
ac_cv_env_CXXCPP_value=
ac_cv_env_CXXFLAGS_set=
ac_cv_env_CXXFLAGS_value=
ac_cv_env_CXX_set=
ac_cv_env_CXX_value=
ac_cv_env_LDFLAGS_set=
ac_cv_env_LDFLAGS_value=
ac_cv_env_LIBS_set=
ac_cv_env_LIBS_value=
ac_cv_env_LT_SYS_LIBRARY_PATH_set=
ac_cv_env_LT_SYS_LIBRARY_PATH_value=
ac_cv_env_build_alias_set=
ac_cv_env_build_alias_value=
ac_cv_env_host_alias_set=
ac_cv_env_host_alias_value=
ac_cv_env_target_alias_set=
ac_cv_env_target_alias_value=
ac_cv_func_ftruncate=yes
ac_cv_func_getenv=yes
ac_cv_header_dlfcn_h=yes
ac_cv_header_errno_h=yes
ac_cv_header_inttypes_h=yes
ac_cv_header_memory_h=yes
ac_cv_header_stdc=yes
ac_cv_header_stdint_h=yes
ac_cv_header_stdlib_h=yes
ac_cv_header_string_h=yes
ac_cv_header_strings_h=yes
ac_cv_header_sys_stat_h=yes
ac_cv_header_sys_types_h=yes
ac_cv_header_unistd_h=yes
ac_cv_host=x86_64-pc-linux-gnu
ac_cv_objext=o
ac_cv_path_EGREP='/usr/bin/grep -E'
ac_cv_path_FGREP='/usr/bin/grep -F'
ac_cv_path_GREP=/usr/bin/grep
ac_cv_path_SED=/usr/bin/sed
ac_cv_path_install='/usr/bin/install -c'
ac_cv_path_lt_DD=/usr/bin/dd
ac_cv_path_mkdir=/usr/bin/mkdir
ac_cv_prog_AWK=gawk
ac_cv_prog_CPP='gcc -E'
ac_cv_prog_CXXCPP='g++ -E'
ac_cv_prog_PTHREAD_CC=gcc
ac_cv_prog_ac_ct_AR=ar
ac_cv_prog_ac_ct_CC=gcc
ac_cv_prog_ac_ct_CXX=g++
ac_cv_prog_ac_ct_MANIFEST_TOOL=mt
ac_cv_prog_ac_ct_OBJDUMP=objdump
ac_cv_prog_ac_ct_RANLIB=ranlib
ac_cv_prog_ac_ct_STRIP=strip
ac_cv_prog_cc_c89=
ac_cv_prog_cc_g=yes
ac_cv_prog_cxx_g=yes
ac_cv_prog_make_make_set=yes
ac_cv_sizeof_INT64=0
ac_cv_sizeof___int64=0
ac_cv_sizeof_int64_t=8
ac_cv_sizeof_loff_t=8
ac_cv_sizeof_long=8
ac_cv_sizeof_long_long=8
ac_cv_sizeof_off64_t=0
ac_cv_sizeof_off_t=8
am_cv_CC_dependencies_compiler_type=gcc3
am_cv_CXX_dependencies_compiler_type=gcc3
am_cv_make_support_nested_variables=yes
am_cv_prog_cc_c_o=yes
lt_cv_ar_at_file=@
lt_cv_archive_cmds_need_lc=no
lt_cv_deplibs_check_method=pass_all
lt_cv_file_magic_cmd='$MAGIC_CMD'
lt_cv_file_magic_test_file=
lt_cv_ld_reload_flag=-r
lt_cv_nm_interface='BSD nm'
lt_cv_objdir=.libs
lt_cv_path_LD=/usr/bin/ld
lt_cv_path_LDCXX='/usr/bin/ld -m elf_x86_64'
lt_cv_path_NM='/usr/bin/nm -B'
lt_cv_path_mainfest_tool=no
lt_cv_prog_compiler_c_o=yes
lt_cv_prog_compiler_c_o_CXX=yes
lt_cv_prog_compiler_pic='-fPIC -DPIC'
lt_cv_prog_compiler_pic_CXX='-fPIC -DPIC'
lt_cv_prog_compiler_pic_works=yes
lt_cv_prog_compiler_pic_works_CXX=yes
lt_cv_prog_compiler_rtti_exceptions=no
lt_cv_prog_compiler_static_works=yes
lt_cv_prog_compiler_static_works_CXX=yes
lt_cv_prog_gnu_ld=yes
lt_cv_prog_gnu_ldcxx=yes
lt_cv_sharedlib_from_linklib_cmd='printf %s\n'
lt_cv_shlibpath_overrides_runpath=yes
lt_cv_sys_global_symbol_pipe='sed -n -e '\''s/^.*[	 ]\([ABCDGIRSTW][ABCDGIRSTW]*\)[	 ][	 ]*\([_A-Za-z][_A-Za-z0-9]*\)$/\1 \2 \2/p'\'' | sed '\''/ __gnu_lto/d'\'''
lt_cv_sys_global_symbol_to_c_name_address='sed -n -e '\''s/^: \(.*\) .*$/  {"\1", (void *) 0},/p'\'' -e '\''s/^[ABCDGIRSTW][ABCDGIRSTW]* .* \(.*\)$/  {"\1", (void *) \&\1},/p'\'''
lt_cv_sys_global_symbol_to_c_name_address_lib_prefix='sed -n -e '\''s/^: \(.*\) .*$/  {"\1", (void *) 0},/p'\'' -e '\''s/^[ABCDGIRSTW][ABCDGIRSTW]* .* \(lib.*\)$/  {"\1", (void *) \&\1},/p'\'' -e '\''s/^[ABCDGIRSTW][ABCDGIRSTW]* .* \(.*\)$/  {"lib\1", (void *) \&\1},/p'\'''
lt_cv_sys_global_symbol_to_cdecl='sed -n -e '\''s/^T .* \(.*\)$/extern int \1();/p'\'' -e '\''s/^[ABCDGIRSTW][ABCDGIRSTW]* .* \(.*\)$/extern char \1;/p'\'''
lt_cv_sys_global_symbol_to_import=
lt_cv_sys_max_cmd_len=1572864
lt_cv_to_host_file_cmd=func_convert_file_noop
lt_cv_to_tool_file_cmd=func_convert_file_noop
lt_cv_truncate_bin='/usr/bin/dd bs=4096 count=1'

## ----------------- ##
## Output variables. ##
## ----------------- ##

ACLOCAL='${SHELL} '\''/home/em/dev/python/pysdif3/SDIF/missing'\'' aclocal-1.16'
AMDEPBACKSLASH='\'
AMDEP_FALSE='#'
AMDEP_TRUE=''
AMTAR='$${TAR-tar}'
AM_BACKSLASH='\'
AM_DEFAULT_V='$(AM_DEFAULT_VERBOSITY)'
AM_DEFAULT_VERBOSITY='1'
AM_V='$(V)'
AR='ar'
AUTOCONF='${SHELL} '\''/home/em/dev/python/pysdif3/SDIF/missing'\'' autoconf'
AUTOHEADER='${SHELL} '\''/home/em/dev/python/pysdif3/SDIF/missing'\'' autoheader'
AUTOMAKE='${SHELL} '\''/home/em/dev/python/pysdif3/SDIF/missing'\'' automake-1.16'
AWK='gawk'
CC='gcc'
CCDEPMODE='depmode=gcc3'
CFLAGS=' -D_FILE_OFFSET_BITS=64 -O3 '
COND_COMPILE_DOC_FALSE=''
COND_COMPILE_DOC_TRUE='#'
CPP='gcc -E'
CPPFLAGS=''
CSCOPE='cscope'
CTAGS='ctags'
CXX='g++'
CXXCPP='g++ -E'
CXXDEPMODE='depmode=gcc3'
CXXFLAGS='-g -O2'
CYGPATH_W='echo'
DEFS='-DHAVE_CONFIG_H'
DEPDIR='.deps'
DLLTOOL='false'
DSYMUTIL=''
DUMPBIN=''
ECHO_C=''
ECHO_N='-n'
ECHO_T=''
EGREP='/usr/bin/grep -E'
ENABLECPP_FALSE=''
ENABLECPP_TRUE='#'
ETAGS='etags'
EXEEXT=''
FGREP='/usr/bin/grep -F'
GREP='/usr/bin/grep'
HAVE_MACHINE_ENDIAN_H=''
HAVE_PTHREAD=''
HAVE_STDINT_H='1'
HAVE_SYS_TYPES_H='1'
INSTALL_DATA='${INSTALL} -m 644'
INSTALL_PROGRAM='${INSTALL}'
INSTALL_SCRIPT='${INSTALL}'
INSTALL_STRIP_PROGRAM='$(install_sh) -c -s'
LD='/usr/bin/ld -m elf_x86_64'
LDFLAGS=''
LIBOBJS=''
LIBS=' '
LIBTOOL='$(SHELL) $(top_builddir)/libtool'
LIPO=''
LN_S='ln -s'
LTLIBOBJS=''
LT_SYS_LIBRARY_PATH=''
MAKEINFO='${SHELL} '\''/home/em/dev/python/pysdif3/SDIF/missing'\'' makeinfo'
MANIFEST_TOOL=':'
MKDIR_P='/usr/bin/mkdir -p'
NM='/usr/bin/nm -B'
NMEDIT=''
OBJDUMP='objdump'
OBJEXT='o'
OTOOL64=''
OTOOL=''
PACKAGE='SDIF'
PACKAGE_BUGREPORT=''
PACKAGE_NAME=''
PACKAGE_STRING=''
PACKAGE_TARNAME=''
PACKAGE_URL=''
PACKAGE_VERSION=''
PATH_SEPARATOR=':'
PROGLIST='querysdif$(EXEEXT) sdifextract$(EXEEXT) sdiftotext$(EXEEXT) tosdif$(EXEEXT)'
PTHREAD_CC='gcc'
PTHREAD_CFLAGS=''
PTHREAD_LIBS=''
RANLIB='ranlib'
SDIF_POS_TYPE='int64_t'
SDIF_VERSION_MAJOR='3'
SDIF_VERSION_MINOR='11'
SDIF_VERSION_RELEASE='6'
SED='/usr/bin/sed'
SELLIB='libsdif.la'
SELLIBCPP=''
SET_MAKE=''
SHELL='/bin/bash'
STRIP='strip'
VERSION='3.11.6'
ac_ct_AR='ar'
ac_ct_CC='gcc'
ac_ct_CXX='g++'
ac_ct_DUMPBIN=''
acx_pthread_config=''
am__EXEEXT_FALSE=''
am__EXEEXT_TRUE='#'
am__fastdepCC_FALSE='#'
am__fastdepCC_TRUE=''
am__fastdepCXX_FALSE='#'
am__fastdepCXX_TRUE=''
am__include='include'
am__isrc=''
am__leading_dot='.'
am__nodep='_no'
am__quote=''
am__tar='$${TAR-tar} chof - "$$tardir"'
am__untar='$${TAR-tar} xf -'
bindir='${exec_prefix}/bin'
build='x86_64-pc-linux-gnu'
build_alias=''
build_cpu='x86_64'
build_os='linux-gnu'
build_vendor='pc'
datadir='${datarootdir}'
datarootdir='${prefix}/share'
docdir='${datarootdir}/doc/${PACKAGE}'
dvidir='${docdir}'
exec_prefix='${prefix}'
host='x86_64-pc-linux-gnu'
host_alias=''
host_cpu='x86_64'
host_os='linux-gnu'
host_vendor='pc'
htmldir='${docdir}'
includedir='${prefix}/include'
infodir='${datarootdir}/info'
install_sh='${SHELL} /home/em/dev/python/pysdif3/SDIF/install-sh'
libdir='${exec_prefix}/lib'
libexecdir='${exec_prefix}/libexec'
localedir='${datarootdir}/locale'
localstatedir='${prefix}/var'
mandir='${datarootdir}/man'
mkdir_p='$(MKDIR_P)'
oldincludedir='/usr/include'
pdfdir='${docdir}'
prefix='/usr/local'
program_transform_name='s,x,x,'
psdir='${docdir}'
runstatedir='${localstatedir}/run'
sbindir='${exec_prefix}/sbin'
sharedstatedir='${prefix}/com'
sysconfdir='${prefix}/etc'
target_alias=''

## ----------- ##
## confdefs.h. ##
## ----------- ##

/* confdefs.h */
#define PACKAGE_NAME ""
#define PACKAGE_TARNAME ""
#define PACKAGE_VERSION ""
#define PACKAGE_STRING ""
#define PACKAGE_BUGREPORT ""
#define PACKAGE_URL ""
#define PACKAGE "SDIF"
#define VERSION "3.11.6"
#define STDC_HEADERS 1
#define HAVE_SYS_TYPES_H 1
#define HAVE_SYS_STAT_H 1
#define HAVE_STDLIB_H 1
#define HAVE_STRING_H 1
#define HAVE_MEMORY_H 1
#define HAVE_STRINGS_H 1
#define HAVE_INTTYPES_H 1
#define HAVE_STDINT_H 1
#define HAVE_UNISTD_H 1
#define HAVE_DLFCN_H 1
#define LT_OBJDIR ".libs/"
#define STDC_HEADERS 1
#define HAVE_SYS_TYPES_H 1
#define HAVE_SYS_STAT_H 1
#define HAVE_ERRNO_H 1
#define HAVE_UNISTD_H 1
#define HAVE_STDINT_H 1
#define HAVE_GETENV 1
#define SIZEOF_LONG 8
#define SIZEOF_LONG_LONG 8
#define SIZEOF_INT64_T 8
#define SIZEOF___INT64 0
#define SIZEOF_INT64 0
#define SIZEOF_OFF64_T 0
#define SIZEOF_LOFF_T 8
#define SIZEOF_OFF_T 8
#define HAVE_FTRUNCATE 1
#define HAVE_PTHREAD 1

configure: exit 0

## ---------------------- ##
## Running config.status. ##
## ---------------------- ##

This file was extended by config.status, which was
generated by GNU Autoconf 2.69.  Invocation command line was

  CONFIG_FILES    = 
  CONFIG_HEADERS  = 
  CONFIG_LINKS    = 
  CONFIG_COMMANDS = 
  $ ./config.status 

on hephaistos

config.status:1212: creating Makefile
config.status:1212: creating sdif/Makefile
config.status:1212: creating sdifcpp/Makefile
config.status:1212: creating tools/Makefile
config.status:1212: creating data/Makefile
config.status:1212: creating include/Makefile
config.status:1212: creating include/sdif_version.h
config.status:1212: creating include/sdif.h
config.status:1212: creating doc/Makefile
config.status:1212: creating doc/pics/Makefile
config.status:1212: creating doc/extern/Makefile
config.status:1212: creating doc/extern/cocoon/Makefile
config.status:1212: creating examples/Makefile
config.status:1212: creating test/Makefile
config.status:1212: creating test/files/Makefile
config.status:1212: creating test/files/txt/Makefile
config.status:1212: creating test/files/sdif/Makefile
config.status:1212: creating test/files/txtw/Makefile
config.status:1212: creating test/files/sdifw/Makefile
config.status:1212: creating test/files/sdifref/Makefile
config.status:1212: creating macosxbuild/Makefile
config.status:1212: creating macosxbuild/SDIF.xcodeproj/Makefile
config.status:1212: creating iosbuild/Makefile
config.status:1212: creating iosbuild/SDIF-lib-ios.xcodeproj/Makefile
config.status:1212: creating cmModules/Makefile
config.status:1212: creating sdif.pc
config.status:1212: creating sdif.spec
config.status:1212: creating sdif/config.h
config.status:1393: sdif/config.h is unchanged
config.status:1441: executing depfiles commands
config.status:1518: cd sdif       && sed -e '/# am--include-marker/d' Makefile         | make -f - am--depfiles
make[1]: warning: jobserver unavailable: using -j1.  Add '+' to parent make rule.
make[1]: Entering directory '/home/em/dev/python/pysdif3/SDIF/sdif'
make[1]: Nothing to be done for 'am--depfiles'.
make[1]: Leaving directory '/home/em/dev/python/pysdif3/SDIF/sdif'
config.status:1523: $? = 0
config.status:1518: cd sdifcpp       && sed -e '/# am--include-marker/d' Makefile         | make -f - am--depfiles
make[1]: warning: jobserver unavailable: using -j1.  Add '+' to parent make rule.
make[1]: Entering directory '/home/em/dev/python/pysdif3/SDIF/sdifcpp'
make[1]: Nothing to be done for 'am--depfiles'.
make[1]: Leaving directory '/home/em/dev/python/pysdif3/SDIF/sdifcpp'
config.status:1523: $? = 0
config.status:1518: cd tools       && sed -e '/# am--include-marker/d' Makefile         | make -f - am--depfiles
make[1]: warning: jobserver unavailable: using -j1.  Add '+' to parent make rule.
make[1]: Entering directory '/home/em/dev/python/pysdif3/SDIF/tools'
make[1]: Nothing to be done for 'am--depfiles'.
make[1]: Leaving directory '/home/em/dev/python/pysdif3/SDIF/tools'
config.status:1523: $? = 0
config.status:1518: cd test       && sed -e '/# am--include-marker/d' Makefile         | make -f - am--depfiles
make[1]: warning: jobserver unavailable: using -j1.  Add '+' to parent make rule.
make[1]: Entering directory '/home/em/dev/python/pysdif3/SDIF/test'
make[1]: Nothing to be done for 'am--depfiles'.
make[1]: Leaving directory '/home/em/dev/python/pysdif3/SDIF/test'
config.status:1523: $? = 0
config.status:1441: executing libtool commands

## ---------------------- ##
## Running config.status. ##
## ---------------------- ##

This file was extended by config.status, which was
generated by GNU Autoconf 2.69.  Invocation command line was

  CONFIG_FILES    = 
  CONFIG_HEADERS  = 
  CONFIG_LINKS    = 
  CONFIG_COMMANDS = 
  $ ./config.status sdif/config.h

on hephaistos

config.status:1212: creating sdif/config.h
config.status:1393: sdif/config.h is unchanged
